<?xml version="1.0" encoding="UTF-8"?>
<coverage generated="1773073562">
  <project timestamp="1773073562" name="Clover Coverage">
    <package name="PhilipRehberger\MakeService\Commands">
      <file name="/home/ubuntu/projects/packages/laravel-make-service/src/Commands/ActionMakeCommand.php">
        <class name="PhilipRehberger\MakeService\Commands\ActionMakeCommand" namespace="PhilipRehberger\MakeService\Commands">
          <metrics complexity="8" methods="5" coveredmethods="4" conditionals="0" coveredconditionals="0" statements="16" coveredstatements="15" elements="21" coveredelements="19"/>
        </class>
        <line num="23" type="method" name="getStub" visibility="protected" complexity="2" crap="2.06" count="10"/>
        <line num="25" type="stmt" count="10"/>
        <line num="27" type="stmt" count="10"/>
        <line num="28" type="stmt" count="0"/>
        <line num="31" type="stmt" count="10"/>
        <line num="34" type="method" name="getDefaultNamespace" visibility="protected" complexity="1" crap="1" count="10"/>
        <line num="36" type="stmt" count="10"/>
        <line num="39" type="method" name="getOptions" visibility="protected" complexity="1" crap="1" count="10"/>
        <line num="41" type="stmt" count="10"/>
        <line num="42" type="stmt" count="10"/>
        <line num="43" type="stmt" count="10"/>
        <line num="44" type="stmt" count="10"/>
        <line num="47" type="method" name="handle" visibility="public" complexity="3" crap="3" count="10"/>
        <line num="49" type="stmt" count="10"/>
        <line num="51" type="stmt" count="10"/>
        <line num="52" type="stmt" count="2"/>
        <line num="55" type="stmt" count="10"/>
        <line num="58" type="method" name="generateTest" visibility="protected" complexity="1" crap="1" count="2"/>
        <line num="60" type="stmt" count="2"/>
        <line num="61" type="stmt" count="2"/>
        <line num="62" type="stmt" count="2"/>
        <metrics loc="65" ncloc="62" classes="1" methods="5" coveredmethods="4" conditionals="0" coveredconditionals="0" statements="16" coveredstatements="15" elements="21" coveredelements="19"/>
      </file>
      <file name="/home/ubuntu/projects/packages/laravel-make-service/src/Commands/ContractMakeCommand.php">
        <class name="PhilipRehberger\MakeService\Commands\ContractMakeCommand" namespace="PhilipRehberger\MakeService\Commands">
          <metrics complexity="8" methods="5" coveredmethods="4" conditionals="0" coveredconditionals="0" statements="16" coveredstatements="15" elements="21" coveredelements="19"/>
        </class>
        <line num="23" type="method" name="getStub" visibility="protected" complexity="2" crap="2.06" count="9"/>
        <line num="25" type="stmt" count="9"/>
        <line num="27" type="stmt" count="9"/>
        <line num="28" type="stmt" count="0"/>
        <line num="31" type="stmt" count="9"/>
        <line num="34" type="method" name="getDefaultNamespace" visibility="protected" complexity="1" crap="1" count="9"/>
        <line num="36" type="stmt" count="9"/>
        <line num="39" type="method" name="getOptions" visibility="protected" complexity="1" crap="1" count="9"/>
        <line num="41" type="stmt" count="9"/>
        <line num="42" type="stmt" count="9"/>
        <line num="43" type="stmt" count="9"/>
        <line num="44" type="stmt" count="9"/>
        <line num="47" type="method" name="handle" visibility="public" complexity="3" crap="3" count="9"/>
        <line num="49" type="stmt" count="9"/>
        <line num="51" type="stmt" count="9"/>
        <line num="52" type="stmt" count="2"/>
        <line num="55" type="stmt" count="9"/>
        <line num="58" type="method" name="generateTest" visibility="protected" complexity="1" crap="1" count="2"/>
        <line num="60" type="stmt" count="2"/>
        <line num="61" type="stmt" count="2"/>
        <line num="62" type="stmt" count="2"/>
        <metrics loc="65" ncloc="62" classes="1" methods="5" coveredmethods="4" conditionals="0" coveredconditionals="0" statements="16" coveredstatements="15" elements="21" coveredelements="19"/>
      </file>
      <file name="/home/ubuntu/projects/packages/laravel-make-service/src/Commands/DtoMakeCommand.php">
        <class name="PhilipRehberger\MakeService\Commands\DtoMakeCommand" namespace="PhilipRehberger\MakeService\Commands">
          <metrics complexity="8" methods="5" coveredmethods="4" conditionals="0" coveredconditionals="0" statements="16" coveredstatements="15" elements="21" coveredelements="19"/>
        </class>
        <line num="23" type="method" name="getStub" visibility="protected" complexity="2" crap="2.06" count="9"/>
        <line num="25" type="stmt" count="9"/>
        <line num="27" type="stmt" count="9"/>
        <line num="28" type="stmt" count="0"/>
        <line num="31" type="stmt" count="9"/>
        <line num="34" type="method" name="getDefaultNamespace" visibility="protected" complexity="1" crap="1" count="9"/>
        <line num="36" type="stmt" count="9"/>
        <line num="39" type="method" name="getOptions" visibility="protected" complexity="1" crap="1" count="9"/>
        <line num="41" type="stmt" count="9"/>
        <line num="42" type="stmt" count="9"/>
        <line num="43" type="stmt" count="9"/>
        <line num="44" type="stmt" count="9"/>
        <line num="47" type="method" name="handle" visibility="public" complexity="3" crap="3" count="9"/>
        <line num="49" type="stmt" count="9"/>
        <line num="51" type="stmt" count="9"/>
        <line num="52" type="stmt" count="2"/>
        <line num="55" type="stmt" count="9"/>
        <line num="58" type="method" name="generateTest" visibility="protected" complexity="1" crap="1" count="2"/>
        <line num="60" type="stmt" count="2"/>
        <line num="61" type="stmt" count="2"/>
        <line num="62" type="stmt" count="2"/>
        <metrics loc="65" ncloc="62" classes="1" methods="5" coveredmethods="4" conditionals="0" coveredconditionals="0" statements="16" coveredstatements="15" elements="21" coveredelements="19"/>
      </file>
      <file name="/home/ubuntu/projects/packages/laravel-make-service/src/Commands/EnumMakeCommand.php">
        <class name="PhilipRehberger\MakeService\Commands\EnumMakeCommand" namespace="PhilipRehberger\MakeService\Commands">
          <metrics complexity="10" methods="5" coveredmethods="4" conditionals="0" coveredconditionals="0" statements="22" coveredstatements="20" elements="27" coveredelements="24"/>
        </class>
        <line num="23" type="method" name="getStub" visibility="protected" complexity="4" crap="4.18" count="12"/>
        <line num="25" type="stmt" count="12"/>
        <line num="26" type="stmt" count="2"/>
        <line num="27" type="stmt" count="2"/>
        <line num="28" type="stmt" count="0"/>
        <line num="31" type="stmt" count="2"/>
        <line num="34" type="stmt" count="10"/>
        <line num="36" type="stmt" count="10"/>
        <line num="37" type="stmt" count="0"/>
        <line num="40" type="stmt" count="10"/>
        <line num="43" type="method" name="getDefaultNamespace" visibility="protected" complexity="1" crap="1" count="12"/>
        <line num="45" type="stmt" count="12"/>
        <line num="48" type="method" name="getOptions" visibility="protected" complexity="1" crap="1" count="12"/>
        <line num="50" type="stmt" count="12"/>
        <line num="51" type="stmt" count="12"/>
        <line num="52" type="stmt" count="12"/>
        <line num="53" type="stmt" count="12"/>
        <line num="54" type="stmt" count="12"/>
        <line num="57" type="method" name="handle" visibility="public" complexity="3" crap="3" count="12"/>
        <line num="59" type="stmt" count="12"/>
        <line num="61" type="stmt" count="12"/>
        <line num="62" type="stmt" count="2"/>
        <line num="65" type="stmt" count="12"/>
        <line num="68" type="method" name="generateTest" visibility="protected" complexity="1" crap="1" count="2"/>
        <line num="70" type="stmt" count="2"/>
        <line num="71" type="stmt" count="2"/>
        <line num="72" type="stmt" count="2"/>
        <metrics loc="75" ncloc="72" classes="1" methods="5" coveredmethods="4" conditionals="0" coveredconditionals="0" statements="22" coveredstatements="20" elements="27" coveredelements="24"/>
      </file>
      <file name="/home/ubuntu/projects/packages/laravel-make-service/src/Commands/ServiceMakeCommand.php">
        <class name="PhilipRehberger\MakeService\Commands\ServiceMakeCommand" namespace="PhilipRehberger\MakeService\Commands">
          <metrics complexity="15" methods="8" coveredmethods="6" conditionals="0" coveredconditionals="0" statements="35" coveredstatements="32" elements="43" coveredelements="38"/>
        </class>
        <line num="23" type="method" name="getStub" visibility="protected" complexity="4" crap="4.18" count="11"/>
        <line num="25" type="stmt" count="11"/>
        <line num="27" type="stmt" count="11"/>
        <line num="28" type="stmt" count="0"/>
        <line num="31" type="stmt" count="11"/>
        <line num="32" type="stmt" count="1"/>
        <line num="33" type="stmt" count="1"/>
        <line num="34" type="stmt" count="0"/>
        <line num="37" type="stmt" count="1"/>
        <line num="40" type="stmt" count="10"/>
        <line num="43" type="method" name="getDefaultNamespace" visibility="protected" complexity="1" crap="1" count="11"/>
        <line num="45" type="stmt" count="11"/>
        <line num="48" type="method" name="buildClass" visibility="protected" complexity="2" crap="2" count="11"/>
        <line num="50" type="stmt" count="11"/>
        <line num="52" type="stmt" count="11"/>
        <line num="53" type="stmt" count="1"/>
        <line num="56" type="stmt" count="11"/>
        <line num="59" type="method" name="replaceModel" visibility="protected" complexity="1" crap="1" count="1"/>
        <line num="61" type="stmt" count="1"/>
        <line num="62" type="stmt" count="1"/>
        <line num="64" type="stmt" count="1"/>
        <line num="65" type="stmt" count="1"/>
        <line num="66" type="stmt" count="1"/>
        <line num="68" type="stmt" count="1"/>
        <line num="71" type="method" name="parseModel" visibility="protected" complexity="2" crap="2.15" count="1"/>
        <line num="73" type="stmt" count="1"/>
        <line num="74" type="stmt" count="0"/>
        <line num="77" type="stmt" count="1"/>
        <line num="80" type="method" name="getOptions" visibility="protected" complexity="1" crap="1" count="11"/>
        <line num="82" type="stmt" count="11"/>
        <line num="83" type="stmt" count="11"/>
        <line num="84" type="stmt" count="11"/>
        <line num="85" type="stmt" count="11"/>
        <line num="86" type="stmt" count="11"/>
        <line num="89" type="method" name="handle" visibility="public" complexity="3" crap="3" count="11"/>
        <line num="91" type="stmt" count="11"/>
        <line num="93" type="stmt" count="11"/>
        <line num="94" type="stmt" count="2"/>
        <line num="97" type="stmt" count="11"/>
        <line num="100" type="method" name="generateTest" visibility="protected" complexity="1" crap="1" count="2"/>
        <line num="102" type="stmt" count="2"/>
        <line num="103" type="stmt" count="2"/>
        <line num="104" type="stmt" count="2"/>
        <metrics loc="107" ncloc="104" classes="1" methods="8" coveredmethods="6" conditionals="0" coveredconditionals="0" statements="35" coveredstatements="32" elements="43" coveredelements="38"/>
      </file>
      <file name="/home/ubuntu/projects/packages/laravel-make-service/src/Commands/TestFileGenerator.php">
        <class name="PhilipRehberger\MakeService\Commands\TestFileGenerator" namespace="PhilipRehberger\MakeService\Commands">
          <metrics complexity="9" methods="5" coveredmethods="2" conditionals="0" coveredconditionals="0" statements="34" coveredstatements="30" elements="39" coveredelements="32"/>
        </class>
        <line num="13" type="method" name="__construct" visibility="public" complexity="1" crap="1" count="12"/>
        <line num="17" type="stmt" count="12"/>
        <line num="19" type="method" name="generate" visibility="public" complexity="3" crap="3.01" count="12"/>
        <line num="21" type="stmt" count="12"/>
        <line num="22" type="stmt" count="12"/>
        <line num="24" type="stmt" count="12"/>
        <line num="25" type="stmt" count="12"/>
        <line num="26" type="stmt" count="12"/>
        <line num="28" type="stmt" count="12"/>
        <line num="29" type="stmt" count="12"/>
        <line num="30" type="stmt" count="12"/>
        <line num="31" type="stmt" count="12"/>
        <line num="33" type="stmt" count="12"/>
        <line num="35" type="stmt" count="12"/>
        <line num="36" type="stmt" count="12"/>
        <line num="37" type="stmt" count="12"/>
        <line num="40" type="stmt" count="12"/>
        <line num="41" type="stmt" count="0"/>
        <line num="43" type="stmt" count="0"/>
        <line num="46" type="stmt" count="12"/>
        <line num="48" type="stmt" count="12"/>
        <line num="51" type="method" name="resolveStub" visibility="protected" complexity="2" crap="2.06" count="12"/>
        <line num="53" type="stmt" count="12"/>
        <line num="55" type="stmt" count="12"/>
        <line num="56" type="stmt" count="0"/>
        <line num="59" type="stmt" count="12"/>
        <line num="62" type="method" name="resolveTestNamespace" visibility="protected" complexity="2" crap="2.01" count="12"/>
        <line num="64" type="stmt" count="12"/>
        <line num="65" type="stmt" count="12"/>
        <line num="66" type="stmt" count="12"/>
        <line num="67" type="stmt" count="12"/>
        <line num="69" type="stmt" count="12"/>
        <line num="70" type="stmt" count="0"/>
        <line num="73" type="stmt" count="12"/>
        <line num="76" type="method" name="resolveTestPath" visibility="protected" complexity="1" crap="1" count="12"/>
        <line num="78" type="stmt" count="12"/>
        <line num="79" type="stmt" count="12"/>
        <line num="80" type="stmt" count="12"/>
        <line num="82" type="stmt" count="12"/>
        <metrics loc="85" ncloc="85" classes="1" methods="5" coveredmethods="2" conditionals="0" coveredconditionals="0" statements="34" coveredstatements="30" elements="39" coveredelements="32"/>
      </file>
      <file name="/home/ubuntu/projects/packages/laravel-make-service/src/Commands/ValueMakeCommand.php">
        <class name="PhilipRehberger\MakeService\Commands\ValueMakeCommand" namespace="PhilipRehberger\MakeService\Commands">
          <metrics complexity="8" methods="5" coveredmethods="4" conditionals="0" coveredconditionals="0" statements="16" coveredstatements="15" elements="21" coveredelements="19"/>
        </class>
        <line num="23" type="method" name="getStub" visibility="protected" complexity="2" crap="2.06" count="10"/>
        <line num="25" type="stmt" count="10"/>
        <line num="27" type="stmt" count="10"/>
        <line num="28" type="stmt" count="0"/>
        <line num="31" type="stmt" count="10"/>
        <line num="34" type="method" name="getDefaultNamespace" visibility="protected" complexity="1" crap="1" count="10"/>
        <line num="36" type="stmt" count="10"/>
        <line num="39" type="method" name="getOptions" visibility="protected" complexity="1" crap="1" count="10"/>
        <line num="41" type="stmt" count="10"/>
        <line num="42" type="stmt" count="10"/>
        <line num="43" type="stmt" count="10"/>
        <line num="44" type="stmt" count="10"/>
        <line num="47" type="method" name="handle" visibility="public" complexity="3" crap="3" count="10"/>
        <line num="49" type="stmt" count="10"/>
        <line num="51" type="stmt" count="10"/>
        <line num="52" type="stmt" count="2"/>
        <line num="55" type="stmt" count="10"/>
        <line num="58" type="method" name="generateTest" visibility="protected" complexity="1" crap="1" count="2"/>
        <line num="60" type="stmt" count="2"/>
        <line num="61" type="stmt" count="2"/>
        <line num="62" type="stmt" count="2"/>
        <metrics loc="65" ncloc="62" classes="1" methods="5" coveredmethods="4" conditionals="0" coveredconditionals="0" statements="16" coveredstatements="15" elements="21" coveredelements="19"/>
      </file>
    </package>
    <package name="PhilipRehberger\MakeService">
      <file name="/home/ubuntu/projects/packages/laravel-make-service/src/MakeServiceServiceProvider.php">
        <class name="PhilipRehberger\MakeService\MakeServiceServiceProvider" namespace="PhilipRehberger\MakeService">
          <metrics complexity="3" methods="2" coveredmethods="2" conditionals="0" coveredconditionals="0" statements="15" coveredstatements="15" elements="17" coveredelements="17"/>
        </class>
        <line num="18" type="method" name="register" visibility="public" complexity="1" crap="1" count="61"/>
        <line num="23" type="stmt" count="61"/>
        <line num="24" type="stmt" count="12"/>
        <line num="25" type="stmt" count="61"/>
        <line num="28" type="method" name="boot" visibility="public" complexity="2" crap="2" count="61"/>
        <line num="30" type="stmt" count="61"/>
        <line num="31" type="stmt" count="61"/>
        <line num="32" type="stmt" count="61"/>
        <line num="33" type="stmt" count="61"/>
        <line num="34" type="stmt" count="61"/>
        <line num="35" type="stmt" count="61"/>
        <line num="36" type="stmt" count="61"/>
        <line num="37" type="stmt" count="61"/>
        <line num="38" type="stmt" count="61"/>
        <line num="40" type="stmt" count="61"/>
        <line num="41" type="stmt" count="61"/>
        <line num="42" type="stmt" count="61"/>
        <metrics loc="46" ncloc="43" classes="1" methods="2" coveredmethods="2" conditionals="0" coveredconditionals="0" statements="15" coveredstatements="15" elements="17" coveredelements="17"/>
      </file>
    </package>
    <metrics files="8" loc="573" ncloc="552" classes="8" methods="40" coveredmethods="30" conditionals="0" coveredconditionals="0" statements="170" coveredstatements="157" elements="210" coveredelements="187"/>
  </project>
</coverage>
